<?xml version="1.0" encoding="UTF-8"?>
<!-- Generated by org.testng.reporters.JUnitXMLReporter -->
<testsuite ignored="1" hostname="JWN7GG3" failures="0" tests="2" name="Test" time="14.992" errors="0" timestamp="2025-04-02T17:21:00 IST">
  <testcase classname="Multiple_suite_execution.Login_logout" name="f1" time="1.525"/>
  <testcase classname="Multiple_suite_execution.Dropdown" name="f" time="4.641"/>
  <testcase classname="Multiple_suite_execution.Login_logout" name="f2" time="0.0">
    <ignored/>
  </testcase> <!-- f2 -->
</testsuite> <!-- Test -->
