<?xml version="1.0" encoding="UTF-8"?>
<testng-results ignored="0" total="2" passed="2" failed="0" skipped="0">
  <reporter-output>
  </reporter-output>
  <suite started-at="2025-04-02T17:22:06 IST" name="Suite" finished-at="2025-04-02T17:22:21 IST" duration-ms="15204">
    <groups>
    </groups>
    <test started-at="2025-04-02T17:22:06 IST" name="Test" finished-at="2025-04-02T17:22:21 IST" duration-ms="15204">
      <class name="Multiple_suite_execution.Login_logout">
        <test-method is-config="true" signature="setUp()[pri:0, instance:Multiple_suite_execution.Login_logout@5a18cd76]" started-at="2025-04-02T17:22:06 IST" name="setUp" finished-at="2025-04-02T17:22:15 IST" duration-ms="8993" status="PASS">
          <reporter-output>
          </reporter-output>
        </test-method> <!-- setUp -->
        <test-method signature="f1()[pri:0, instance:Multiple_suite_execution.Login_logout@5a18cd76]" started-at="2025-04-02T17:22:15 IST" name="f1" finished-at="2025-04-02T17:22:17 IST" duration-ms="2116" status="PASS">
          <reporter-output>
          </reporter-output>
        </test-method> <!-- f1 -->
        <test-method signature="f2()[pri:0, instance:Multiple_suite_execution.Login_logout@5a18cd76]" started-at="2025-04-02T17:22:17 IST" name="f2" finished-at="2025-04-02T17:22:21 IST" duration-ms="3773" status="PASS">
          <reporter-output>
          </reporter-output>
        </test-method> <!-- f2 -->
      </class> <!-- Multiple_suite_execution.Login_logout -->
    </test> <!-- Test -->
  </suite> <!-- Suite -->
</testng-results>
